mode: atomic
homework10/internal/adapters/adrepo/adRepo.go:11.27,13.2 1 33
homework10/internal/adapters/adrepo/adRepo.go:20.42,24.43 3 89
homework10/internal/adapters/adrepo/adRepo.go:24.43,26.3 1 87
homework10/internal/adapters/adrepo/adRepo.go:28.2,28.19 1 2
homework10/internal/adapters/adrepo/adRepo.go:31.41,38.2 4 35
homework10/internal/adapters/adrepo/adRepo.go:40.52,41.38 1 66
homework10/internal/adapters/adrepo/adRepo.go:41.38,43.3 1 2
homework10/internal/adapters/adrepo/adRepo.go:45.2,49.17 4 64
homework10/internal/adapters/adrepo/adRepo.go:52.57,53.38 1 17
homework10/internal/adapters/adrepo/adRepo.go:53.38,55.3 1 0
homework10/internal/adapters/adrepo/adRepo.go:57.2,61.12 4 17
homework10/internal/adapters/adrepo/adRepo.go:64.34,70.2 4 88
homework10/internal/adapters/adrepo/adRepo.go:72.55,73.38 1 6
homework10/internal/adapters/adrepo/adRepo.go:73.38,75.3 1 0
homework10/internal/adapters/adrepo/adRepo.go:77.2,82.15 5 6
homework10/internal/adapters/usersrepo/userRepo.go:11.29,13.2 1 33
homework10/internal/adapters/usersrepo/userRepo.go:20.44,24.29 3 16
homework10/internal/adapters/usersrepo/userRepo.go:24.29,26.3 1 6
homework10/internal/adapters/usersrepo/userRepo.go:28.2,28.19 1 10
homework10/internal/adapters/usersrepo/userRepo.go:31.48,33.28 1 8
homework10/internal/adapters/usersrepo/userRepo.go:33.28,35.3 1 0
homework10/internal/adapters/usersrepo/userRepo.go:37.2,41.12 4 8
homework10/internal/adapters/usersrepo/userRepo.go:44.58,45.38 1 5
homework10/internal/adapters/usersrepo/userRepo.go:45.38,47.3 1 2
homework10/internal/adapters/usersrepo/userRepo.go:49.2,53.18 4 3
homework10/internal/adapters/usersrepo/userRepo.go:56.62,57.38 1 0
homework10/internal/adapters/usersrepo/userRepo.go:57.38,59.3 1 0
homework10/internal/adapters/usersrepo/userRepo.go:61.2,65.12 4 0
homework10/internal/adapters/usersrepo/userRepo.go:68.61,69.38 1 3
homework10/internal/adapters/usersrepo/userRepo.go:69.38,71.3 1 0
homework10/internal/adapters/usersrepo/userRepo.go:73.2,78.15 5 3
homework10/internal/app/app.go:34.68,37.2 1 33
homework10/internal/app/app.go:44.87,46.48 2 12
homework10/internal/app/app.go:46.48,48.3 1 4
homework10/internal/app/app.go:50.2,56.16 3 8
homework10/internal/app/app.go:56.16,58.3 1 0
homework10/internal/app/app.go:60.2,60.15 1 8
homework10/internal/app/app.go:63.53,65.16 2 5
homework10/internal/app/app.go:65.16,67.3 1 2
homework10/internal/app/app.go:69.2,69.15 1 3
homework10/internal/app/app.go:72.87,74.16 2 0
homework10/internal/app/app.go:74.16,76.3 1 0
homework10/internal/app/app.go:78.2,78.20 1 0
homework10/internal/app/app.go:78.20,80.3 1 0
homework10/internal/app/app.go:82.2,82.17 1 0
homework10/internal/app/app.go:82.17,84.17 2 0
homework10/internal/app/app.go:84.17,86.4 1 0
homework10/internal/app/app.go:88.3,88.18 1 0
homework10/internal/app/app.go:91.2,91.42 1 0
homework10/internal/app/app.go:94.83,99.47 3 39
homework10/internal/app/app.go:99.47,101.3 1 4
homework10/internal/app/app.go:103.2,104.16 2 35
homework10/internal/app/app.go:107.42,109.49 2 3
homework10/internal/app/app.go:109.49,111.17 2 9
homework10/internal/app/app.go:111.17,113.4 1 0
homework10/internal/app/app.go:114.3,114.18 1 9
homework10/internal/app/app.go:114.18,116.4 1 8
homework10/internal/app/app.go:118.2,118.17 1 3
homework10/internal/app/app.go:121.49,124.16 2 4
homework10/internal/app/app.go:124.16,126.3 1 1
homework10/internal/app/app.go:128.2,128.19 1 3
homework10/internal/app/app.go:128.19,130.3 1 1
homework10/internal/app/app.go:131.2,131.16 1 2
homework10/internal/app/app.go:134.88,137.16 3 16
homework10/internal/app/app.go:137.16,139.3 1 0
homework10/internal/app/app.go:141.2,141.27 1 16
homework10/internal/app/app.go:141.27,143.3 1 1
homework10/internal/app/app.go:145.2,146.43 2 15
homework10/internal/app/app.go:149.93,152.16 3 8
homework10/internal/app/app.go:152.16,154.3 1 1
homework10/internal/app/app.go:156.2,156.27 1 7
homework10/internal/app/app.go:156.27,158.3 1 1
homework10/internal/app/app.go:160.2,162.47 2 6
homework10/internal/app/app.go:162.47,164.3 1 4
homework10/internal/app/app.go:166.2,166.43 1 2
homework10/internal/app/app.go:169.61,172.49 2 3
homework10/internal/app/app.go:172.49,174.56 2 9
homework10/internal/app/app.go:174.56,176.4 1 1
homework10/internal/app/app.go:179.2,179.17 1 3
homework10/internal/app/app.go:182.92,184.49 2 5
homework10/internal/app/app.go:184.49,186.17 2 20
homework10/internal/app/app.go:186.17,188.4 1 0
homework10/internal/app/app.go:190.3,190.37 1 20
homework10/internal/app/app.go:190.37,191.12 1 3
homework10/internal/app/app.go:194.3,194.47 1 17
homework10/internal/app/app.go:194.47,195.12 1 3
homework10/internal/app/app.go:198.3,198.63 1 14
homework10/internal/app/app.go:198.63,199.12 1 4
homework10/internal/app/app.go:202.3,202.23 1 10
homework10/internal/app/app.go:204.2,204.17 1 5
homework10/internal/app/app.go:207.56,209.16 2 3
homework10/internal/app/app.go:209.16,211.3 1 0
homework10/internal/app/app.go:212.2,212.17 1 3
homework10/internal/app/app.go:215.68,217.16 2 6
homework10/internal/app/app.go:217.16,219.3 1 0
homework10/internal/app/app.go:220.2,220.29 1 6
homework10/internal/app/app.go:220.29,222.3 1 0
homework10/internal/app/app.go:223.2,223.16 1 6
homework10/internal/ports/grpc/server.go:16.52,18.16 2 0
homework10/internal/ports/grpc/server.go:18.16,20.3 1 0
homework10/internal/ports/grpc/server.go:22.2,30.3 4 0
homework10/internal/ports/grpc/server.go:33.33,35.2 1 0
homework10/internal/ports/grpc/server.go:37.37,40.2 2 0
homework10/internal/ports/grpc/server.go:41.143,45.2 2 28
homework10/internal/ports/grpc/service.go:11.36,12.13 1 9
homework10/internal/ports/grpc/service.go:13.21,14.63 1 0
homework10/internal/ports/grpc/service.go:15.25,16.62 1 4
homework10/internal/ports/grpc/service.go:17.11,18.47 1 3
homework10/internal/ports/grpc/service.go:19.10,20.54 1 2
homework10/internal/ports/grpc/service.go:24.39,26.2 1 10
homework10/internal/ports/grpc/service.go:32.98,34.16 2 7
homework10/internal/ports/grpc/service.go:34.16,36.3 1 0
homework10/internal/ports/grpc/service.go:37.2,42.8 1 7
homework10/internal/ports/grpc/service.go:45.110,47.16 2 4
homework10/internal/ports/grpc/service.go:47.16,49.3 1 0
homework10/internal/ports/grpc/service.go:50.2,55.8 1 4
homework10/internal/ports/grpc/service.go:58.98,60.16 2 2
homework10/internal/ports/grpc/service.go:60.16,62.3 1 1
homework10/internal/ports/grpc/service.go:63.2,68.8 1 1
homework10/internal/ports/grpc/service.go:71.97,73.16 2 1
homework10/internal/ports/grpc/service.go:73.16,75.3 1 0
homework10/internal/ports/grpc/service.go:76.2,79.25 2 1
homework10/internal/ports/grpc/service.go:79.25,86.3 1 3
homework10/internal/ports/grpc/service.go:87.2,87.18 1 1
homework10/internal/ports/grpc/service.go:90.104,92.16 2 8
homework10/internal/ports/grpc/service.go:92.16,94.3 1 4
homework10/internal/ports/grpc/service.go:95.2,95.61 1 4
homework10/internal/ports/grpc/service.go:98.98,100.16 2 3
homework10/internal/ports/grpc/service.go:100.16,102.3 1 1
homework10/internal/ports/grpc/service.go:103.2,103.61 1 2
homework10/internal/ports/grpc/service.go:106.105,109.2 2 2
homework10/internal/ports/grpc/service.go:111.101,114.2 2 1
homework10/internal/ports/grpc/service.pb.go:34.35,36.29 2 7
homework10/internal/ports/grpc/service.pb.go:36.29,40.3 3 7
homework10/internal/ports/grpc/service.pb.go:43.43,45.2 1 0
homework10/internal/ports/grpc/service.pb.go:47.41,47.42 0 0
homework10/internal/ports/grpc/service.pb.go:49.63,51.41 2 21
homework10/internal/ports/grpc/service.pb.go:51.41,53.34 2 21
homework10/internal/ports/grpc/service.pb.go:53.34,55.4 1 7
homework10/internal/ports/grpc/service.pb.go:56.3,56.12 1 21
homework10/internal/ports/grpc/service.pb.go:58.2,58.24 1 0
homework10/internal/ports/grpc/service.pb.go:62.54,64.2 1 0
homework10/internal/ports/grpc/service.pb.go:66.45,67.14 1 0
homework10/internal/ports/grpc/service.pb.go:67.14,69.3 1 0
homework10/internal/ports/grpc/service.pb.go:70.2,70.11 1 0
homework10/internal/ports/grpc/service.pb.go:73.44,74.14 1 0
homework10/internal/ports/grpc/service.pb.go:74.14,76.3 1 0
homework10/internal/ports/grpc/service.pb.go:77.2,77.11 1 0
homework10/internal/ports/grpc/service.pb.go:80.45,81.14 1 0
homework10/internal/ports/grpc/service.pb.go:81.14,83.3 1 0
homework10/internal/ports/grpc/service.pb.go:84.2,84.10 1 0
homework10/internal/ports/grpc/service.pb.go:97.41,99.29 2 4
homework10/internal/ports/grpc/service.pb.go:99.29,103.3 3 4
homework10/internal/ports/grpc/service.pb.go:106.49,108.2 1 0
homework10/internal/ports/grpc/service.pb.go:110.47,110.48 0 0
homework10/internal/ports/grpc/service.pb.go:112.69,114.41 2 12
homework10/internal/ports/grpc/service.pb.go:114.41,116.34 2 12
homework10/internal/ports/grpc/service.pb.go:116.34,118.4 1 4
homework10/internal/ports/grpc/service.pb.go:119.3,119.12 1 12
homework10/internal/ports/grpc/service.pb.go:121.2,121.24 1 0
homework10/internal/ports/grpc/service.pb.go:125.60,127.2 1 0
homework10/internal/ports/grpc/service.pb.go:129.49,130.14 1 0
homework10/internal/ports/grpc/service.pb.go:130.14,132.3 1 0
homework10/internal/ports/grpc/service.pb.go:133.2,133.10 1 0
homework10/internal/ports/grpc/service.pb.go:136.51,137.14 1 0
homework10/internal/ports/grpc/service.pb.go:137.14,139.3 1 0
homework10/internal/ports/grpc/service.pb.go:140.2,140.10 1 0
homework10/internal/ports/grpc/service.pb.go:143.53,144.14 1 0
homework10/internal/ports/grpc/service.pb.go:144.14,146.3 1 0
homework10/internal/ports/grpc/service.pb.go:147.2,147.14 1 0
homework10/internal/ports/grpc/service.pb.go:161.35,163.29 2 2
homework10/internal/ports/grpc/service.pb.go:163.29,167.3 3 2
homework10/internal/ports/grpc/service.pb.go:170.43,172.2 1 0
homework10/internal/ports/grpc/service.pb.go:174.41,174.42 0 0
homework10/internal/ports/grpc/service.pb.go:176.63,178.41 2 6
homework10/internal/ports/grpc/service.pb.go:178.41,180.34 2 6
homework10/internal/ports/grpc/service.pb.go:180.34,182.4 1 2
homework10/internal/ports/grpc/service.pb.go:183.3,183.12 1 6
homework10/internal/ports/grpc/service.pb.go:185.2,185.24 1 0
homework10/internal/ports/grpc/service.pb.go:189.54,191.2 1 0
homework10/internal/ports/grpc/service.pb.go:193.43,194.14 1 0
homework10/internal/ports/grpc/service.pb.go:194.14,196.3 1 0
homework10/internal/ports/grpc/service.pb.go:197.2,197.10 1 0
homework10/internal/ports/grpc/service.pb.go:200.45,201.14 1 0
homework10/internal/ports/grpc/service.pb.go:201.14,203.3 1 0
homework10/internal/ports/grpc/service.pb.go:204.2,204.11 1 0
homework10/internal/ports/grpc/service.pb.go:207.44,208.14 1 0
homework10/internal/ports/grpc/service.pb.go:208.14,210.3 1 0
homework10/internal/ports/grpc/service.pb.go:211.2,211.11 1 0
homework10/internal/ports/grpc/service.pb.go:214.45,215.14 1 0
homework10/internal/ports/grpc/service.pb.go:215.14,217.3 1 0
homework10/internal/ports/grpc/service.pb.go:218.2,218.10 1 0
homework10/internal/ports/grpc/service.pb.go:233.30,235.29 2 12
homework10/internal/ports/grpc/service.pb.go:235.29,239.3 3 12
homework10/internal/ports/grpc/service.pb.go:242.38,244.2 1 0
homework10/internal/ports/grpc/service.pb.go:246.36,246.37 0 0
homework10/internal/ports/grpc/service.pb.go:248.58,250.41 2 39
homework10/internal/ports/grpc/service.pb.go:250.41,252.34 2 36
homework10/internal/ports/grpc/service.pb.go:252.34,254.4 1 12
homework10/internal/ports/grpc/service.pb.go:255.3,255.12 1 36
homework10/internal/ports/grpc/service.pb.go:257.2,257.24 1 3
homework10/internal/ports/grpc/service.pb.go:261.49,263.2 1 0
homework10/internal/ports/grpc/service.pb.go:265.36,266.14 1 0
homework10/internal/ports/grpc/service.pb.go:266.14,268.3 1 0
homework10/internal/ports/grpc/service.pb.go:269.2,269.10 1 0
homework10/internal/ports/grpc/service.pb.go:272.40,273.14 1 0
homework10/internal/ports/grpc/service.pb.go:273.14,275.3 1 0
homework10/internal/ports/grpc/service.pb.go:276.2,276.11 1 0
homework10/internal/ports/grpc/service.pb.go:279.39,280.14 1 0
homework10/internal/ports/grpc/service.pb.go:280.14,282.3 1 0
homework10/internal/ports/grpc/service.pb.go:283.2,283.11 1 0
homework10/internal/ports/grpc/service.pb.go:286.42,287.14 1 0
homework10/internal/ports/grpc/service.pb.go:287.14,289.3 1 0
homework10/internal/ports/grpc/service.pb.go:290.2,290.10 1 0
homework10/internal/ports/grpc/service.pb.go:293.42,294.14 1 0
homework10/internal/ports/grpc/service.pb.go:294.14,296.3 1 0
homework10/internal/ports/grpc/service.pb.go:297.2,297.14 1 0
homework10/internal/ports/grpc/service.pb.go:308.34,310.29 2 1
homework10/internal/ports/grpc/service.pb.go:310.29,314.3 3 1
homework10/internal/ports/grpc/service.pb.go:317.42,319.2 1 0
homework10/internal/ports/grpc/service.pb.go:321.40,321.41 0 0
homework10/internal/ports/grpc/service.pb.go:323.62,325.41 2 3
homework10/internal/ports/grpc/service.pb.go:325.41,327.34 2 3
homework10/internal/ports/grpc/service.pb.go:327.34,329.4 1 1
homework10/internal/ports/grpc/service.pb.go:330.3,330.12 1 3
homework10/internal/ports/grpc/service.pb.go:332.2,332.24 1 0
homework10/internal/ports/grpc/service.pb.go:336.53,338.2 1 0
homework10/internal/ports/grpc/service.pb.go:340.50,341.14 1 0
homework10/internal/ports/grpc/service.pb.go:341.14,343.3 1 0
homework10/internal/ports/grpc/service.pb.go:344.2,344.12 1 0
homework10/internal/ports/grpc/service.pb.go:357.37,359.29 2 8
homework10/internal/ports/grpc/service.pb.go:359.29,363.3 3 8
homework10/internal/ports/grpc/service.pb.go:366.45,368.2 1 0
homework10/internal/ports/grpc/service.pb.go:370.43,370.44 0 0
homework10/internal/ports/grpc/service.pb.go:372.65,374.41 2 24
homework10/internal/ports/grpc/service.pb.go:374.41,376.34 2 24
homework10/internal/ports/grpc/service.pb.go:376.34,378.4 1 8
homework10/internal/ports/grpc/service.pb.go:379.3,379.12 1 24
homework10/internal/ports/grpc/service.pb.go:381.2,381.24 1 0
homework10/internal/ports/grpc/service.pb.go:385.56,387.2 1 0
homework10/internal/ports/grpc/service.pb.go:389.43,390.14 1 0
homework10/internal/ports/grpc/service.pb.go:390.14,392.3 1 0
homework10/internal/ports/grpc/service.pb.go:393.2,393.10 1 0
homework10/internal/ports/grpc/service.pb.go:396.46,397.14 1 0
homework10/internal/ports/grpc/service.pb.go:397.14,399.3 1 0
homework10/internal/ports/grpc/service.pb.go:400.2,400.11 1 0
homework10/internal/ports/grpc/service.pb.go:403.47,404.14 1 0
homework10/internal/ports/grpc/service.pb.go:404.14,406.3 1 0
homework10/internal/ports/grpc/service.pb.go:407.2,407.11 1 0
homework10/internal/ports/grpc/service.pb.go:419.32,421.29 2 6
homework10/internal/ports/grpc/service.pb.go:421.29,425.3 3 6
homework10/internal/ports/grpc/service.pb.go:428.40,430.2 1 0
homework10/internal/ports/grpc/service.pb.go:432.38,432.39 0 0
homework10/internal/ports/grpc/service.pb.go:434.60,436.41 2 18
homework10/internal/ports/grpc/service.pb.go:436.41,438.34 2 18
homework10/internal/ports/grpc/service.pb.go:438.34,440.4 1 6
homework10/internal/ports/grpc/service.pb.go:441.3,441.12 1 18
homework10/internal/ports/grpc/service.pb.go:443.2,443.24 1 0
homework10/internal/ports/grpc/service.pb.go:447.51,449.2 1 0
homework10/internal/ports/grpc/service.pb.go:451.38,452.14 1 0
homework10/internal/ports/grpc/service.pb.go:452.14,454.3 1 0
homework10/internal/ports/grpc/service.pb.go:455.2,455.10 1 0
homework10/internal/ports/grpc/service.pb.go:458.41,459.14 1 0
homework10/internal/ports/grpc/service.pb.go:459.14,461.3 1 0
homework10/internal/ports/grpc/service.pb.go:462.2,462.11 1 0
homework10/internal/ports/grpc/service.pb.go:473.34,475.29 2 3
homework10/internal/ports/grpc/service.pb.go:475.29,479.3 3 3
homework10/internal/ports/grpc/service.pb.go:482.42,484.2 1 0
homework10/internal/ports/grpc/service.pb.go:486.40,486.41 0 0
homework10/internal/ports/grpc/service.pb.go:488.62,490.41 2 9
homework10/internal/ports/grpc/service.pb.go:490.41,492.34 2 9
homework10/internal/ports/grpc/service.pb.go:492.34,494.4 1 3
homework10/internal/ports/grpc/service.pb.go:495.3,495.12 1 9
homework10/internal/ports/grpc/service.pb.go:497.2,497.24 1 0
homework10/internal/ports/grpc/service.pb.go:501.53,503.2 1 0
homework10/internal/ports/grpc/service.pb.go:505.40,506.14 1 0
homework10/internal/ports/grpc/service.pb.go:506.14,508.3 1 0
homework10/internal/ports/grpc/service.pb.go:509.2,509.10 1 0
homework10/internal/ports/grpc/service.pb.go:520.37,522.29 2 2
homework10/internal/ports/grpc/service.pb.go:522.29,526.3 3 2
homework10/internal/ports/grpc/service.pb.go:529.45,531.2 1 0
homework10/internal/ports/grpc/service.pb.go:533.43,533.44 0 0
homework10/internal/ports/grpc/service.pb.go:535.65,537.41 2 6
homework10/internal/ports/grpc/service.pb.go:537.41,539.34 2 6
homework10/internal/ports/grpc/service.pb.go:539.34,541.4 1 2
homework10/internal/ports/grpc/service.pb.go:542.3,542.12 1 6
homework10/internal/ports/grpc/service.pb.go:544.2,544.24 1 0
homework10/internal/ports/grpc/service.pb.go:548.56,550.2 1 0
homework10/internal/ports/grpc/service.pb.go:552.43,553.14 1 0
homework10/internal/ports/grpc/service.pb.go:553.14,555.3 1 0
homework10/internal/ports/grpc/service.pb.go:556.2,556.10 1 0
homework10/internal/ports/grpc/service.pb.go:568.35,570.29 2 1
homework10/internal/ports/grpc/service.pb.go:570.29,574.3 3 1
homework10/internal/ports/grpc/service.pb.go:577.43,579.2 1 0
homework10/internal/ports/grpc/service.pb.go:581.41,581.42 0 0
homework10/internal/ports/grpc/service.pb.go:583.63,585.41 2 3
homework10/internal/ports/grpc/service.pb.go:585.41,587.34 2 3
homework10/internal/ports/grpc/service.pb.go:587.34,589.4 1 1
homework10/internal/ports/grpc/service.pb.go:590.3,590.12 1 3
homework10/internal/ports/grpc/service.pb.go:592.2,592.24 1 0
homework10/internal/ports/grpc/service.pb.go:596.54,598.2 1 0
homework10/internal/ports/grpc/service.pb.go:600.43,601.14 1 0
homework10/internal/ports/grpc/service.pb.go:601.14,603.3 1 0
homework10/internal/ports/grpc/service.pb.go:604.2,604.10 1 0
homework10/internal/ports/grpc/service.pb.go:607.47,608.14 1 0
homework10/internal/ports/grpc/service.pb.go:608.14,610.3 1 0
homework10/internal/ports/grpc/service.pb.go:611.2,611.10 1 0
homework10/internal/ports/grpc/service.pb.go:707.46,708.43 1 0
homework10/internal/ports/grpc/service.pb.go:708.43,710.3 1 0
homework10/internal/ports/grpc/service.pb.go:711.2,711.39 1 0
homework10/internal/ports/grpc/service.pb.go:753.13,753.42 1 1
homework10/internal/ports/grpc/service.pb.go:754.32,755.31 1 1
homework10/internal/ports/grpc/service.pb.go:755.31,757.3 1 0
homework10/internal/ports/grpc/service.pb.go:758.2,758.30 1 1
homework10/internal/ports/grpc/service.pb.go:758.30,759.84 1 0
homework10/internal/ports/grpc/service.pb.go:759.84,760.40 1 0
homework10/internal/ports/grpc/service.pb.go:761.11,762.20 1 0
homework10/internal/ports/grpc/service.pb.go:763.11,764.24 1 0
homework10/internal/ports/grpc/service.pb.go:765.11,766.28 1 0
homework10/internal/ports/grpc/service.pb.go:767.12,768.15 1 0
homework10/internal/ports/grpc/service.pb.go:771.3,771.84 1 0
homework10/internal/ports/grpc/service.pb.go:771.84,772.46 1 0
homework10/internal/ports/grpc/service.pb.go:773.11,774.20 1 0
homework10/internal/ports/grpc/service.pb.go:775.11,776.24 1 0
homework10/internal/ports/grpc/service.pb.go:777.11,778.28 1 0
homework10/internal/ports/grpc/service.pb.go:779.12,780.15 1 0
homework10/internal/ports/grpc/service.pb.go:783.3,783.84 1 0
homework10/internal/ports/grpc/service.pb.go:783.84,784.40 1 0
homework10/internal/ports/grpc/service.pb.go:785.11,786.20 1 0
homework10/internal/ports/grpc/service.pb.go:787.11,788.24 1 0
homework10/internal/ports/grpc/service.pb.go:789.11,790.28 1 0
homework10/internal/ports/grpc/service.pb.go:791.12,792.15 1 0
homework10/internal/ports/grpc/service.pb.go:795.3,795.84 1 0
homework10/internal/ports/grpc/service.pb.go:795.84,796.35 1 0
homework10/internal/ports/grpc/service.pb.go:797.11,798.20 1 0
homework10/internal/ports/grpc/service.pb.go:799.11,800.24 1 0
homework10/internal/ports/grpc/service.pb.go:801.11,802.28 1 0
homework10/internal/ports/grpc/service.pb.go:803.12,804.15 1 0
homework10/internal/ports/grpc/service.pb.go:807.3,807.84 1 0
homework10/internal/ports/grpc/service.pb.go:807.84,808.39 1 0
homework10/internal/ports/grpc/service.pb.go:809.11,810.20 1 0
homework10/internal/ports/grpc/service.pb.go:811.11,812.24 1 0
homework10/internal/ports/grpc/service.pb.go:813.11,814.28 1 0
homework10/internal/ports/grpc/service.pb.go:815.12,816.15 1 0
homework10/internal/ports/grpc/service.pb.go:819.3,819.84 1 0
homework10/internal/ports/grpc/service.pb.go:819.84,820.42 1 0
homework10/internal/ports/grpc/service.pb.go:821.11,822.20 1 0
homework10/internal/ports/grpc/service.pb.go:823.11,824.24 1 0
homework10/internal/ports/grpc/service.pb.go:825.11,826.28 1 0
homework10/internal/ports/grpc/service.pb.go:827.12,828.15 1 0
homework10/internal/ports/grpc/service.pb.go:831.3,831.84 1 0
homework10/internal/ports/grpc/service.pb.go:831.84,832.37 1 0
homework10/internal/ports/grpc/service.pb.go:833.11,834.20 1 0
homework10/internal/ports/grpc/service.pb.go:835.11,836.24 1 0
homework10/internal/ports/grpc/service.pb.go:837.11,838.28 1 0
homework10/internal/ports/grpc/service.pb.go:839.12,840.15 1 0
homework10/internal/ports/grpc/service.pb.go:843.3,843.84 1 0
homework10/internal/ports/grpc/service.pb.go:843.84,844.39 1 0
homework10/internal/ports/grpc/service.pb.go:845.11,846.20 1 0
homework10/internal/ports/grpc/service.pb.go:847.11,848.24 1 0
homework10/internal/ports/grpc/service.pb.go:849.11,850.28 1 0
homework10/internal/ports/grpc/service.pb.go:851.12,852.15 1 0
homework10/internal/ports/grpc/service.pb.go:855.3,855.84 1 0
homework10/internal/ports/grpc/service.pb.go:855.84,856.42 1 0
homework10/internal/ports/grpc/service.pb.go:857.11,858.20 1 0
homework10/internal/ports/grpc/service.pb.go:859.11,860.24 1 0
homework10/internal/ports/grpc/service.pb.go:861.11,862.28 1 0
homework10/internal/ports/grpc/service.pb.go:863.12,864.15 1 0
homework10/internal/ports/grpc/service.pb.go:867.3,867.84 1 0
homework10/internal/ports/grpc/service.pb.go:867.84,868.40 1 0
homework10/internal/ports/grpc/service.pb.go:869.11,870.20 1 0
homework10/internal/ports/grpc/service.pb.go:871.11,872.24 1 0
homework10/internal/ports/grpc/service.pb.go:873.11,874.28 1 0
homework10/internal/ports/grpc/service.pb.go:875.12,876.15 1 0
homework10/internal/ports/grpc/service.pb.go:880.2,897.34 6 1
homework10/internal/ports/grpc/service_grpc.pb.go:36.70,38.2 1 10
homework10/internal/ports/grpc/service_grpc.pb.go:40.124,43.16 3 7
homework10/internal/ports/grpc/service_grpc.pb.go:43.16,45.3 1 0
homework10/internal/ports/grpc/service_grpc.pb.go:46.2,46.17 1 7
homework10/internal/ports/grpc/service_grpc.pb.go:49.136,52.16 3 4
homework10/internal/ports/grpc/service_grpc.pb.go:52.16,54.3 1 0
homework10/internal/ports/grpc/service_grpc.pb.go:55.2,55.17 1 4
homework10/internal/ports/grpc/service_grpc.pb.go:58.124,61.16 3 2
homework10/internal/ports/grpc/service_grpc.pb.go:61.16,63.3 1 1
homework10/internal/ports/grpc/service_grpc.pb.go:64.2,64.17 1 1
homework10/internal/ports/grpc/service_grpc.pb.go:67.125,70.16 3 1
homework10/internal/ports/grpc/service_grpc.pb.go:70.16,72.3 1 0
homework10/internal/ports/grpc/service_grpc.pb.go:73.2,73.17 1 1
homework10/internal/ports/grpc/service_grpc.pb.go:76.130,79.16 3 8
homework10/internal/ports/grpc/service_grpc.pb.go:79.16,81.3 1 4
homework10/internal/ports/grpc/service_grpc.pb.go:82.2,82.17 1 4
homework10/internal/ports/grpc/service_grpc.pb.go:85.124,88.16 3 3
homework10/internal/ports/grpc/service_grpc.pb.go:88.16,90.3 1 1
homework10/internal/ports/grpc/service_grpc.pb.go:91.2,91.17 1 2
homework10/internal/ports/grpc/service_grpc.pb.go:94.131,97.16 3 2
homework10/internal/ports/grpc/service_grpc.pb.go:97.16,99.3 1 0
homework10/internal/ports/grpc/service_grpc.pb.go:100.2,100.17 1 2
homework10/internal/ports/grpc/service_grpc.pb.go:103.127,106.16 3 1
homework10/internal/ports/grpc/service_grpc.pb.go:106.16,108.3 1 0
homework10/internal/ports/grpc/service_grpc.pb.go:109.2,109.17 1 1
homework10/internal/ports/grpc/service_grpc.pb.go:130.102,132.2 1 0
homework10/internal/ports/grpc/service_grpc.pb.go:133.114,135.2 1 0
homework10/internal/ports/grpc/service_grpc.pb.go:136.102,138.2 1 0
homework10/internal/ports/grpc/service_grpc.pb.go:139.103,141.2 1 0
homework10/internal/ports/grpc/service_grpc.pb.go:142.108,144.2 1 0
homework10/internal/ports/grpc/service_grpc.pb.go:145.102,147.2 1 0
homework10/internal/ports/grpc/service_grpc.pb.go:148.109,150.2 1 0
homework10/internal/ports/grpc/service_grpc.pb.go:151.105,153.2 1 0
homework10/internal/ports/grpc/service_grpc.pb.go:162.76,164.2 1 10
homework10/internal/ports/grpc/service_grpc.pb.go:166.163,168.32 2 7
homework10/internal/ports/grpc/service_grpc.pb.go:168.32,170.3 1 0
homework10/internal/ports/grpc/service_grpc.pb.go:171.2,171.24 1 7
homework10/internal/ports/grpc/service_grpc.pb.go:171.24,173.3 1 0
homework10/internal/ports/grpc/service_grpc.pb.go:174.2,178.77 2 7
homework10/internal/ports/grpc/service_grpc.pb.go:178.77,180.3 1 7
homework10/internal/ports/grpc/service_grpc.pb.go:181.2,181.44 1 7
homework10/internal/ports/grpc/service_grpc.pb.go:184.169,186.32 2 4
homework10/internal/ports/grpc/service_grpc.pb.go:186.32,188.3 1 0
homework10/internal/ports/grpc/service_grpc.pb.go:189.2,189.24 1 4
homework10/internal/ports/grpc/service_grpc.pb.go:189.24,191.3 1 0
homework10/internal/ports/grpc/service_grpc.pb.go:192.2,196.77 2 4
homework10/internal/ports/grpc/service_grpc.pb.go:196.77,198.3 1 4
homework10/internal/ports/grpc/service_grpc.pb.go:199.2,199.44 1 4
homework10/internal/ports/grpc/service_grpc.pb.go:202.163,204.32 2 2
homework10/internal/ports/grpc/service_grpc.pb.go:204.32,206.3 1 0
homework10/internal/ports/grpc/service_grpc.pb.go:207.2,207.24 1 2
homework10/internal/ports/grpc/service_grpc.pb.go:207.24,209.3 1 0
homework10/internal/ports/grpc/service_grpc.pb.go:210.2,214.77 2 2
homework10/internal/ports/grpc/service_grpc.pb.go:214.77,216.3 1 2
homework10/internal/ports/grpc/service_grpc.pb.go:217.2,217.44 1 2
homework10/internal/ports/grpc/service_grpc.pb.go:220.162,222.32 2 1
homework10/internal/ports/grpc/service_grpc.pb.go:222.32,224.3 1 0
homework10/internal/ports/grpc/service_grpc.pb.go:225.2,225.24 1 1
homework10/internal/ports/grpc/service_grpc.pb.go:225.24,227.3 1 0
homework10/internal/ports/grpc/service_grpc.pb.go:228.2,232.77 2 1
homework10/internal/ports/grpc/service_grpc.pb.go:232.77,234.3 1 1
homework10/internal/ports/grpc/service_grpc.pb.go:235.2,235.44 1 1
homework10/internal/ports/grpc/service_grpc.pb.go:238.165,240.32 2 8
homework10/internal/ports/grpc/service_grpc.pb.go:240.32,242.3 1 0
homework10/internal/ports/grpc/service_grpc.pb.go:243.2,243.24 1 8
homework10/internal/ports/grpc/service_grpc.pb.go:243.24,245.3 1 0
homework10/internal/ports/grpc/service_grpc.pb.go:246.2,250.77 2 8
homework10/internal/ports/grpc/service_grpc.pb.go:250.77,252.3 1 8
homework10/internal/ports/grpc/service_grpc.pb.go:253.2,253.44 1 8
homework10/internal/ports/grpc/service_grpc.pb.go:256.162,258.32 2 3
homework10/internal/ports/grpc/service_grpc.pb.go:258.32,260.3 1 0
homework10/internal/ports/grpc/service_grpc.pb.go:261.2,261.24 1 3
homework10/internal/ports/grpc/service_grpc.pb.go:261.24,263.3 1 0
homework10/internal/ports/grpc/service_grpc.pb.go:264.2,268.77 2 3
homework10/internal/ports/grpc/service_grpc.pb.go:268.77,270.3 1 3
homework10/internal/ports/grpc/service_grpc.pb.go:271.2,271.44 1 3
homework10/internal/ports/grpc/service_grpc.pb.go:274.165,276.32 2 2
homework10/internal/ports/grpc/service_grpc.pb.go:276.32,278.3 1 0
homework10/internal/ports/grpc/service_grpc.pb.go:279.2,279.24 1 2
homework10/internal/ports/grpc/service_grpc.pb.go:279.24,281.3 1 0
homework10/internal/ports/grpc/service_grpc.pb.go:282.2,286.77 2 2
homework10/internal/ports/grpc/service_grpc.pb.go:286.77,288.3 1 2
homework10/internal/ports/grpc/service_grpc.pb.go:289.2,289.44 1 2
homework10/internal/ports/grpc/service_grpc.pb.go:292.163,294.32 2 1
homework10/internal/ports/grpc/service_grpc.pb.go:294.32,296.3 1 0
homework10/internal/ports/grpc/service_grpc.pb.go:297.2,297.24 1 1
homework10/internal/ports/grpc/service_grpc.pb.go:297.24,299.3 1 0
homework10/internal/ports/grpc/service_grpc.pb.go:300.2,304.77 2 1
homework10/internal/ports/grpc/service_grpc.pb.go:304.77,306.3 1 1
homework10/internal/ports/grpc/service_grpc.pb.go:307.2,307.44 1 1
homework10/internal/ports/httpgin/handlers.go:14.31,15.13 1 13
homework10/internal/ports/httpgin/handlers.go:16.25,17.31 1 8
homework10/internal/ports/httpgin/handlers.go:18.21,19.30 1 3
homework10/internal/ports/httpgin/handlers.go:20.10,21.40 1 2
homework10/internal/ports/httpgin/handlers.go:26.42,27.30 1 24
homework10/internal/ports/httpgin/handlers.go:27.30,30.17 3 33
homework10/internal/ports/httpgin/handlers.go:30.17,34.4 3 0
homework10/internal/ports/httpgin/handlers.go:36.3,38.17 2 33
homework10/internal/ports/httpgin/handlers.go:38.17,41.4 2 4
homework10/internal/ports/httpgin/handlers.go:43.3,43.48 1 29
homework10/internal/ports/httpgin/handlers.go:48.40,49.30 1 24
homework10/internal/ports/httpgin/handlers.go:49.30,53.17 2 3
homework10/internal/ports/httpgin/handlers.go:53.17,56.4 2 0
homework10/internal/ports/httpgin/handlers.go:58.3,58.50 1 3
homework10/internal/ports/httpgin/handlers.go:63.43,64.30 1 24
homework10/internal/ports/httpgin/handlers.go:64.30,67.17 2 5
homework10/internal/ports/httpgin/handlers.go:67.17,70.4 2 0
homework10/internal/ports/httpgin/handlers.go:72.3,74.17 2 5
homework10/internal/ports/httpgin/handlers.go:74.17,77.4 2 2
homework10/internal/ports/httpgin/handlers.go:79.3,79.48 1 3
homework10/internal/ports/httpgin/handlers.go:84.47,85.30 1 24
homework10/internal/ports/httpgin/handlers.go:85.30,91.17 3 3
homework10/internal/ports/httpgin/handlers.go:91.17,94.4 2 0
homework10/internal/ports/httpgin/handlers.go:96.3,96.50 1 3
homework10/internal/ports/httpgin/handlers.go:101.48,102.30 1 24
homework10/internal/ports/httpgin/handlers.go:102.30,110.33 2 5
homework10/internal/ports/httpgin/handlers.go:110.33,112.18 2 1
homework10/internal/ports/httpgin/handlers.go:112.18,114.5 1 0
homework10/internal/ports/httpgin/handlers.go:117.3,117.30 1 5
homework10/internal/ports/httpgin/handlers.go:117.30,119.18 2 1
homework10/internal/ports/httpgin/handlers.go:119.18,121.5 1 0
homework10/internal/ports/httpgin/handlers.go:124.3,124.28 1 5
homework10/internal/ports/httpgin/handlers.go:124.28,126.18 2 2
homework10/internal/ports/httpgin/handlers.go:126.18,128.5 1 0
homework10/internal/ports/httpgin/handlers.go:129.4,129.34 1 2
homework10/internal/ports/httpgin/handlers.go:132.3,134.17 2 5
homework10/internal/ports/httpgin/handlers.go:134.17,137.4 2 0
homework10/internal/ports/httpgin/handlers.go:139.3,139.50 1 5
homework10/internal/ports/httpgin/handlers.go:144.48,145.30 1 24
homework10/internal/ports/httpgin/handlers.go:145.30,147.46 2 12
homework10/internal/ports/httpgin/handlers.go:147.46,150.4 2 0
homework10/internal/ports/httpgin/handlers.go:152.3,153.17 2 12
homework10/internal/ports/httpgin/handlers.go:153.17,156.4 2 0
homework10/internal/ports/httpgin/handlers.go:158.3,160.17 2 12
homework10/internal/ports/httpgin/handlers.go:160.17,163.4 2 1
homework10/internal/ports/httpgin/handlers.go:165.3,165.48 1 11
homework10/internal/ports/httpgin/handlers.go:170.42,171.30 1 24
homework10/internal/ports/httpgin/handlers.go:171.30,173.46 2 6
homework10/internal/ports/httpgin/handlers.go:173.46,176.4 2 0
homework10/internal/ports/httpgin/handlers.go:178.3,179.17 2 6
homework10/internal/ports/httpgin/handlers.go:179.17,182.4 2 0
homework10/internal/ports/httpgin/handlers.go:184.3,186.17 2 6
homework10/internal/ports/httpgin/handlers.go:186.17,189.4 2 5
homework10/internal/ports/httpgin/handlers.go:191.3,191.48 1 1
homework10/internal/ports/httpgin/handlers.go:196.44,197.30 1 24
homework10/internal/ports/httpgin/handlers.go:197.30,200.17 3 4
homework10/internal/ports/httpgin/handlers.go:200.17,204.4 3 0
homework10/internal/ports/httpgin/handlers.go:206.3,208.17 2 4
homework10/internal/ports/httpgin/handlers.go:208.17,211.4 2 0
homework10/internal/ports/httpgin/handlers.go:213.3,213.52 1 4
homework10/internal/ports/httpgin/handlers.go:218.41,219.30 1 24
homework10/internal/ports/httpgin/handlers.go:219.30,221.17 2 2
homework10/internal/ports/httpgin/handlers.go:221.17,224.4 2 0
homework10/internal/ports/httpgin/handlers.go:226.3,227.17 2 2
homework10/internal/ports/httpgin/handlers.go:227.17,230.4 2 1
homework10/internal/ports/httpgin/handlers.go:232.3,232.49 1 1
homework10/internal/ports/httpgin/handlers.go:237.44,238.30 1 24
homework10/internal/ports/httpgin/handlers.go:238.30,240.46 2 0
homework10/internal/ports/httpgin/handlers.go:240.46,243.4 2 0
homework10/internal/ports/httpgin/handlers.go:245.3,246.17 2 0
homework10/internal/ports/httpgin/handlers.go:246.17,249.4 2 0
homework10/internal/ports/httpgin/handlers.go:251.3,252.17 2 0
homework10/internal/ports/httpgin/handlers.go:252.17,255.4 2 0
homework10/internal/ports/httpgin/handlers.go:257.3,257.49 1 0
homework10/internal/ports/httpgin/handlers.go:262.44,263.30 1 24
homework10/internal/ports/httpgin/handlers.go:263.30,265.17 2 1
homework10/internal/ports/httpgin/handlers.go:265.17,268.4 2 0
homework10/internal/ports/httpgin/handlers.go:270.3,271.17 2 1
homework10/internal/ports/httpgin/handlers.go:271.17,274.4 2 0
homework10/internal/ports/httpgin/handlers.go:276.3,276.49 1 1
homework10/internal/ports/httpgin/handlers.go:281.42,282.30 1 24
homework10/internal/ports/httpgin/handlers.go:282.30,284.46 2 5
homework10/internal/ports/httpgin/handlers.go:284.46,287.4 2 0
homework10/internal/ports/httpgin/handlers.go:289.3,290.17 2 5
homework10/internal/ports/httpgin/handlers.go:290.17,293.4 2 0
homework10/internal/ports/httpgin/handlers.go:295.3,295.48 1 5
homework10/internal/ports/httpgin/presenters.go:26.48,35.2 1 6
homework10/internal/ports/httpgin/presenters.go:67.43,78.2 1 49
homework10/internal/ports/httpgin/presenters.go:80.47,82.26 2 11
homework10/internal/ports/httpgin/presenters.go:82.26,90.3 1 17
homework10/internal/ports/httpgin/presenters.go:91.2,94.3 1 11
homework10/internal/ports/httpgin/presenters.go:97.40,102.2 1 13
homework10/internal/ports/httpgin/router.go:8.42,21.2 12 24
homework10/internal/ports/httpgin/server.go:15.51,23.2 5 24
homework10/internal/ports/httpgin/server.go:25.33,27.2 1 0
homework10/internal/ports/httpgin/server.go:29.62,31.2 1 0
homework10/internal/ports/httpgin/server.go:33.41,35.2 1 24
homework10/internal/tests/mock_utils.go:11.50,45.2 7 1
homework10/internal/tests/utils.go:54.34,63.2 4 23
homework10/internal/tests/utils.go:65.69,67.16 2 79
homework10/internal/tests/utils.go:67.16,69.3 1 0
homework10/internal/tests/utils.go:71.2,71.38 1 79
homework10/internal/tests/utils.go:71.38,72.47 1 13
homework10/internal/tests/utils.go:72.47,74.4 1 8
homework10/internal/tests/utils.go:75.3,75.46 1 5
homework10/internal/tests/utils.go:75.46,77.4 1 3
homework10/internal/tests/utils.go:78.3,78.63 1 2
homework10/internal/tests/utils.go:81.2,82.16 2 66
homework10/internal/tests/utils.go:82.16,84.3 1 0
homework10/internal/tests/utils.go:86.2,87.16 2 66
homework10/internal/tests/utils.go:87.16,89.3 1 0
homework10/internal/tests/utils.go:91.2,91.12 1 66
homework10/internal/tests/utils.go:94.93,102.16 3 33
homework10/internal/tests/utils.go:102.16,104.3 1 0
homework10/internal/tests/utils.go:106.2,107.16 2 33
homework10/internal/tests/utils.go:107.16,109.3 1 0
homework10/internal/tests/utils.go:111.2,115.16 4 33
homework10/internal/tests/utils.go:115.16,117.3 1 4
homework10/internal/tests/utils.go:119.2,119.22 1 29
homework10/internal/tests/utils.go:122.100,129.16 3 12
homework10/internal/tests/utils.go:129.16,131.3 1 0
homework10/internal/tests/utils.go:133.2,134.16 2 12
homework10/internal/tests/utils.go:134.16,136.3 1 0
homework10/internal/tests/utils.go:138.2,142.16 4 12
homework10/internal/tests/utils.go:142.16,144.3 1 1
homework10/internal/tests/utils.go:146.2,146.22 1 11
homework10/internal/tests/utils.go:149.105,157.16 3 6
homework10/internal/tests/utils.go:157.16,159.3 1 0
homework10/internal/tests/utils.go:161.2,162.16 2 6
homework10/internal/tests/utils.go:162.16,164.3 1 0
homework10/internal/tests/utils.go:166.2,170.16 4 6
homework10/internal/tests/utils.go:170.16,172.3 1 5
homework10/internal/tests/utils.go:174.2,174.22 1 1
homework10/internal/tests/utils.go:177.54,179.16 2 3
homework10/internal/tests/utils.go:179.16,181.3 1 0
homework10/internal/tests/utils.go:183.2,185.16 3 3
homework10/internal/tests/utils.go:185.16,187.3 1 0
homework10/internal/tests/utils.go:189.2,189.22 1 3
homework10/internal/tests/utils.go:192.65,194.16 2 5
homework10/internal/tests/utils.go:194.16,196.3 1 0
homework10/internal/tests/utils.go:198.2,200.16 3 5
homework10/internal/tests/utils.go:200.16,202.3 1 2
homework10/internal/tests/utils.go:204.2,204.22 1 3
homework10/internal/tests/utils.go:207.72,209.16 2 3
homework10/internal/tests/utils.go:209.16,211.3 1 0
homework10/internal/tests/utils.go:213.2,215.16 3 3
homework10/internal/tests/utils.go:215.16,217.3 1 0
homework10/internal/tests/utils.go:219.2,219.22 1 3
homework10/internal/tests/utils.go:222.101,225.21 2 5
homework10/internal/tests/utils.go:225.21,227.3 1 1
homework10/internal/tests/utils.go:228.2,228.20 1 5
homework10/internal/tests/utils.go:228.20,230.3 1 1
homework10/internal/tests/utils.go:231.2,231.16 1 5
homework10/internal/tests/utils.go:231.16,233.3 1 2
homework10/internal/tests/utils.go:235.2,236.16 2 5
homework10/internal/tests/utils.go:236.16,238.3 1 0
homework10/internal/tests/utils.go:240.2,242.16 3 5
homework10/internal/tests/utils.go:242.16,244.3 1 0
homework10/internal/tests/utils.go:246.2,246.22 1 5
homework10/internal/tests/utils.go:249.101,257.16 3 4
homework10/internal/tests/utils.go:257.16,259.3 1 0
homework10/internal/tests/utils.go:261.2,262.16 2 4
homework10/internal/tests/utils.go:262.16,264.3 1 0
homework10/internal/tests/utils.go:266.2,270.16 4 4
homework10/internal/tests/utils.go:270.16,272.3 1 0
homework10/internal/tests/utils.go:274.2,274.22 1 4
homework10/internal/tests/utils.go:277.67,279.16 2 2
homework10/internal/tests/utils.go:279.16,281.3 1 0
homework10/internal/tests/utils.go:283.2,287.16 4 2
homework10/internal/tests/utils.go:287.16,289.3 1 1
homework10/internal/tests/utils.go:291.2,291.22 1 1
homework10/internal/tests/utils.go:294.70,296.16 2 1
homework10/internal/tests/utils.go:296.16,298.3 1 0
homework10/internal/tests/utils.go:300.2,304.16 4 1
homework10/internal/tests/utils.go:304.16,306.3 1 0
homework10/internal/tests/utils.go:308.2,308.22 1 1
homework10/internal/tests/utils.go:311.78,318.16 3 5
homework10/internal/tests/utils.go:318.16,320.3 1 0
homework10/internal/tests/utils.go:322.2,325.16 2 5
homework10/internal/tests/utils.go:325.16,327.3 1 0
homework10/internal/tests/utils.go:329.2,333.16 4 5
homework10/internal/tests/utils.go:333.16,335.3 1 0
homework10/internal/tests/utils.go:337.2,337.22 1 5
homework10/internal/tests/mocks/app/App.go:19.89,24.73 4 0
homework10/internal/tests/mocks/app/App.go:24.73,26.3 1 0
homework10/internal/tests/mocks/app/App.go:27.2,27.64 1 0
homework10/internal/tests/mocks/app/App.go:27.64,29.3 1 0
homework10/internal/tests/mocks/app/App.go:29.8,31.3 1 0
homework10/internal/tests/mocks/app/App.go:33.2,33.63 1 0
homework10/internal/tests/mocks/app/App.go:33.63,35.3 1 0
homework10/internal/tests/mocks/app/App.go:35.8,37.3 1 0
homework10/internal/tests/mocks/app/App.go:39.2,39.15 1 0
homework10/internal/tests/mocks/app/App.go:43.84,48.76 4 1
homework10/internal/tests/mocks/app/App.go:48.76,50.3 1 0
homework10/internal/tests/mocks/app/App.go:51.2,51.67 1 1
homework10/internal/tests/mocks/app/App.go:51.67,53.3 1 0
homework10/internal/tests/mocks/app/App.go:53.8,55.3 1 1
homework10/internal/tests/mocks/app/App.go:57.2,57.66 1 1
homework10/internal/tests/mocks/app/App.go:57.66,59.3 1 0
homework10/internal/tests/mocks/app/App.go:59.8,61.3 1 1
homework10/internal/tests/mocks/app/App.go:63.2,63.15 1 1
homework10/internal/tests/mocks/app/App.go:67.88,72.80 4 0
homework10/internal/tests/mocks/app/App.go:72.80,74.3 1 0
homework10/internal/tests/mocks/app/App.go:75.2,75.71 1 0
homework10/internal/tests/mocks/app/App.go:75.71,77.3 1 0
homework10/internal/tests/mocks/app/App.go:77.8,79.3 1 0
homework10/internal/tests/mocks/app/App.go:81.2,81.66 1 0
homework10/internal/tests/mocks/app/App.go:81.66,83.3 1 0
homework10/internal/tests/mocks/app/App.go:83.8,85.3 1 0
homework10/internal/tests/mocks/app/App.go:87.2,87.15 1 0
homework10/internal/tests/mocks/app/App.go:91.69,96.67 4 0
homework10/internal/tests/mocks/app/App.go:96.67,98.3 1 0
homework10/internal/tests/mocks/app/App.go:99.2,99.58 1 0
homework10/internal/tests/mocks/app/App.go:99.58,101.3 1 0
homework10/internal/tests/mocks/app/App.go:101.8,103.3 1 0
homework10/internal/tests/mocks/app/App.go:105.2,105.57 1 0
homework10/internal/tests/mocks/app/App.go:105.57,107.3 1 0
homework10/internal/tests/mocks/app/App.go:107.8,109.3 1 0
homework10/internal/tests/mocks/app/App.go:111.2,111.15 1 0
homework10/internal/tests/mocks/app/App.go:115.57,120.64 4 0
homework10/internal/tests/mocks/app/App.go:120.64,122.3 1 0
homework10/internal/tests/mocks/app/App.go:123.2,123.55 1 0
homework10/internal/tests/mocks/app/App.go:123.55,125.3 1 0
homework10/internal/tests/mocks/app/App.go:125.8,127.3 1 0
homework10/internal/tests/mocks/app/App.go:129.2,129.50 1 0
homework10/internal/tests/mocks/app/App.go:129.50,131.3 1 0
homework10/internal/tests/mocks/app/App.go:131.8,133.3 1 0
homework10/internal/tests/mocks/app/App.go:135.2,135.15 1 0
homework10/internal/tests/mocks/app/App.go:139.50,144.60 4 1
homework10/internal/tests/mocks/app/App.go:144.60,146.3 1 0
homework10/internal/tests/mocks/app/App.go:147.2,147.51 1 1
homework10/internal/tests/mocks/app/App.go:147.51,149.3 1 0
homework10/internal/tests/mocks/app/App.go:149.8,151.3 1 1
homework10/internal/tests/mocks/app/App.go:153.2,153.50 1 1
homework10/internal/tests/mocks/app/App.go:153.50,155.3 1 0
homework10/internal/tests/mocks/app/App.go:155.8,157.3 1 1
homework10/internal/tests/mocks/app/App.go:159.2,159.15 1 1
homework10/internal/tests/mocks/app/App.go:163.43,168.57 4 1
homework10/internal/tests/mocks/app/App.go:168.57,170.3 1 0
homework10/internal/tests/mocks/app/App.go:171.2,171.48 1 1
homework10/internal/tests/mocks/app/App.go:171.48,173.3 1 0
homework10/internal/tests/mocks/app/App.go:173.8,174.24 1 1
homework10/internal/tests/mocks/app/App.go:174.24,176.4 1 1
homework10/internal/tests/mocks/app/App.go:179.2,179.45 1 1
homework10/internal/tests/mocks/app/App.go:179.45,181.3 1 0
homework10/internal/tests/mocks/app/App.go:181.8,183.3 1 1
homework10/internal/tests/mocks/app/App.go:185.2,185.15 1 1
homework10/internal/tests/mocks/app/App.go:189.62,194.63 4 0
homework10/internal/tests/mocks/app/App.go:194.63,196.3 1 0
homework10/internal/tests/mocks/app/App.go:197.2,197.54 1 0
homework10/internal/tests/mocks/app/App.go:197.54,199.3 1 0
homework10/internal/tests/mocks/app/App.go:199.8,200.24 1 0
homework10/internal/tests/mocks/app/App.go:200.24,202.4 1 0
homework10/internal/tests/mocks/app/App.go:205.2,205.51 1 0
homework10/internal/tests/mocks/app/App.go:205.51,207.3 1 0
homework10/internal/tests/mocks/app/App.go:207.8,209.3 1 0
homework10/internal/tests/mocks/app/App.go:211.2,211.15 1 0
homework10/internal/tests/mocks/app/App.go:215.93,220.75 4 0
homework10/internal/tests/mocks/app/App.go:220.75,222.3 1 0
homework10/internal/tests/mocks/app/App.go:223.2,223.66 1 0
homework10/internal/tests/mocks/app/App.go:223.66,225.3 1 0
homework10/internal/tests/mocks/app/App.go:225.8,226.24 1 0
homework10/internal/tests/mocks/app/App.go:226.24,228.4 1 0
homework10/internal/tests/mocks/app/App.go:231.2,231.63 1 0
homework10/internal/tests/mocks/app/App.go:231.63,233.3 1 0
homework10/internal/tests/mocks/app/App.go:233.8,235.3 1 0
homework10/internal/tests/mocks/app/App.go:237.2,237.15 1 0
homework10/internal/tests/mocks/app/App.go:241.54,246.64 4 0
homework10/internal/tests/mocks/app/App.go:246.64,248.3 1 0
homework10/internal/tests/mocks/app/App.go:249.2,249.55 1 0
homework10/internal/tests/mocks/app/App.go:249.55,251.3 1 0
homework10/internal/tests/mocks/app/App.go:251.8,253.3 1 0
homework10/internal/tests/mocks/app/App.go:255.2,255.50 1 0
homework10/internal/tests/mocks/app/App.go:255.50,257.3 1 0
homework10/internal/tests/mocks/app/App.go:257.8,259.3 1 0
homework10/internal/tests/mocks/app/App.go:261.2,261.15 1 0
homework10/internal/tests/mocks/app/App.go:265.94,270.83 4 0
homework10/internal/tests/mocks/app/App.go:270.83,272.3 1 0
homework10/internal/tests/mocks/app/App.go:273.2,273.74 1 0
homework10/internal/tests/mocks/app/App.go:273.74,275.3 1 0
homework10/internal/tests/mocks/app/App.go:275.8,277.3 1 0
homework10/internal/tests/mocks/app/App.go:279.2,279.73 1 0
homework10/internal/tests/mocks/app/App.go:279.73,281.3 1 0
homework10/internal/tests/mocks/app/App.go:281.8,283.3 1 0
homework10/internal/tests/mocks/app/App.go:285.2,285.15 1 0
homework10/internal/tests/mocks/app/App.go:289.88,294.80 4 0
homework10/internal/tests/mocks/app/App.go:294.80,296.3 1 0
homework10/internal/tests/mocks/app/App.go:297.2,297.71 1 0
homework10/internal/tests/mocks/app/App.go:297.71,299.3 1 0
homework10/internal/tests/mocks/app/App.go:299.8,301.3 1 0
homework10/internal/tests/mocks/app/App.go:303.2,303.66 1 0
homework10/internal/tests/mocks/app/App.go:303.66,305.3 1 0
homework10/internal/tests/mocks/app/App.go:305.8,307.3 1 0
homework10/internal/tests/mocks/app/App.go:309.2,309.15 1 0
homework10/internal/tests/mocks/app/App.go:318.51,322.19 3 1
homework10/internal/tests/mocks/app/App.go:322.19,322.49 1 1
homework10/internal/tests/mocks/app/App.go:324.2,324.13 1 1
